[debug] [2019-07-10T01:00:11.576Z] ----------------------------------------------------------------------
[debug] [2019-07-10T01:00:11.579Z] Command:       C:\Dev\Programs\nodejs\node.exe C:\Users\jeremy\AppData\Local\Yarn\Data\global\node_modules\firebase-tools\lib\bin\firebase.js serve --only functions,hosting
[debug] [2019-07-10T01:00:11.579Z] CLI Version:   7.0.2
[debug] [2019-07-10T01:00:11.579Z] Platform:      win32
[debug] [2019-07-10T01:00:11.579Z] Node Version:  v12.4.0
[debug] [2019-07-10T01:00:11.579Z] Time:          Tue Jul 09 2019 18:00:11 GMT-0700 (Pacific Daylight Time)
[debug] [2019-07-10T01:00:11.579Z] ----------------------------------------------------------------------
[debug] 
[debug] [2019-07-10T01:00:11.597Z] > command requires scopes: ["email","openid","https://www.googleapis.com/auth/cloudplatformprojects.readonly","https://www.googleapis.com/auth/firebase","https://www.googleapis.com/auth/cloud-platform"]
[debug] [2019-07-10T01:00:11.597Z] > authorizing via signed-in user
[debug] [2019-07-10T01:00:11.597Z] [iam] checking project movies-series-guide for permissions ["firebase.projects.get"]
[debug] [2019-07-10T01:00:11.600Z] >>> HTTP REQUEST POST https://cloudresourcemanager.googleapis.com/v1/projects/movies-series-guide:testIamPermissions  

[debug] [2019-07-10T01:00:11.804Z] <<< HTTP RESPONSE 200
[debug] [2019-07-10T01:00:11.807Z] >>> HTTP REQUEST GET https://cloudresourcemanager.googleapis.com/v1/projects/movies-series-guide  
 
[debug] [2019-07-10T01:00:11.998Z] <<< HTTP RESPONSE 200
[warn] !  Your requested "node" version "<10" doesn't match your global version "12"
[debug] [2019-07-10T01:00:12.006Z] >>> HTTP REQUEST GET https://mobilesdk-pa.googleapis.com/v1/projects/100376056146/clients/_:getWebAppConfig  
 
[debug] [2019-07-10T01:00:12.006Z] >>> HTTP REQUEST GET https://mobilesdk-pa.googleapis.com/v1/projects/100376056146:getServerAppConfig  
 
[debug] [2019-07-10T01:00:12.195Z] <<< HTTP RESPONSE 200
[info] +  functions: Emulator started at http://localhost:5001
[debug] [2019-07-10T01:00:12.421Z] <<< HTTP RESPONSE 200
[info] i  functions: Watching "C:\Dev\Personal_Projects\Tests\test-nextjs\api" for Cloud Functions...
[info] i  hosting: Serving hosting files from: build
[info] +  hosting: Local server: http://localhost:5000
[debug] [2019-07-10T01:00:12.804Z] Functions runtime initialized.
[debug] [2019-07-10T01:00:12.804Z] Disabled runtime features: {"functions_config_helper":true,"network_filtering":true,"timeout":true,"memory_limiting":true,"protect_env":true,"admin_stubs":true}
[debug] [2019-07-10T01:00:12.863Z] firebase-admin has been stubbed.
[warn] !  TypeError: _onRequestWithOpts is not a function
    at Object.httpsProvider._onRequestWithOpts (C:\Users\jeremy\AppData\Local\Yarn\Data\global\node_modules\firebase-tools\lib\emulator\functionsEmulatorRuntime.js:278:24)
    at Object.httpsProvider.onRequest (C:\Users\jeremy\AppData\Local\Yarn\Data\global\node_modules\firebase-tools\lib\emulator\functionsEmulatorRuntime.js:283:34)
    at Object.<anonymous> (C:\Dev\Personal_Projects\Tests\test-nextjs\api\index.js:128:31)
    at Module._compile (internal/modules/cjs/loader.js:774:30)
    at Object.Module._extensions..js (internal/modules/cjs/loader.js:785:10)
    at Module.load (internal/modules/cjs/loader.js:641:32)
    at Function.Module._load (internal/modules/cjs/loader.js:556:12)
    at Module.require (internal/modules/cjs/loader.js:681:19)
    at require (internal/modules/cjs/helpers.js:16:16)
    at C:\Users\jeremy\AppData\Local\Yarn\Data\global\node_modules\firebase-tools\lib\emulator\functionsEmulatorRuntime.js:582:33
    at Generator.next (<anonymous>)
    at fulfilled (C:\Users\jeremy\AppData\Local\Yarn\Data\global\node_modules\firebase-tools\lib\emulator\functionsEmulatorRuntime.js:4:58)
    at processTicksAndRejections (internal/process/task_queues.js:89:5)
[warn] !  We were unable to load your functions code. (see above)
[debug] [2019-07-10T01:00:39.597Z] ----------------------------------------------------------------------
[debug] [2019-07-10T01:00:39.600Z] Command:       C:\Dev\Programs\nodejs\node.exe C:\Users\jeremy\AppData\Local\Yarn\Data\global\node_modules\firebase-tools\lib\bin\firebase.js serve --only functions
[debug] [2019-07-10T01:00:39.600Z] CLI Version:   7.0.2
[debug] [2019-07-10T01:00:39.600Z] Platform:      win32
[debug] [2019-07-10T01:00:39.600Z] Node Version:  v12.4.0
[debug] [2019-07-10T01:00:39.601Z] Time:          Tue Jul 09 2019 18:00:39 GMT-0700 (Pacific Daylight Time)
[debug] [2019-07-10T01:00:39.601Z] ----------------------------------------------------------------------
[debug] 
[debug] [2019-07-10T01:00:39.609Z] > command requires scopes: ["email","openid","https://www.googleapis.com/auth/cloudplatformprojects.readonly","https://www.googleapis.com/auth/firebase","https://www.googleapis.com/auth/cloud-platform"]
[debug] [2019-07-10T01:00:39.610Z] > authorizing via signed-in user
[debug] [2019-07-10T01:00:39.610Z] [iam] checking project movies-series-guide for permissions ["firebase.projects.get"]
[debug] [2019-07-10T01:00:39.611Z] >>> HTTP REQUEST POST https://cloudresourcemanager.googleapis.com/v1/projects/movies-series-guide:testIamPermissions  

[debug] [2019-07-10T01:00:39.788Z] <<< HTTP RESPONSE 200
[debug] [2019-07-10T01:00:39.793Z] >>> HTTP REQUEST GET https://cloudresourcemanager.googleapis.com/v1/projects/movies-series-guide  
 
[debug] [2019-07-10T01:00:39.990Z] <<< HTTP RESPONSE 200
[warn] !  Your requested "node" version "<10" doesn't match your global version "12"
[debug] [2019-07-10T01:00:39.997Z] >>> HTTP REQUEST GET https://mobilesdk-pa.googleapis.com/v1/projects/100376056146:getServerAppConfig  
 
[debug] [2019-07-10T01:00:40.159Z] <<< HTTP RESPONSE 200
[info] +  functions: Emulator started at http://localhost:5000
[info] i  functions: Watching "C:\Dev\Personal_Projects\Tests\test-nextjs\api" for Cloud Functions...
[debug] [2019-07-10T01:00:40.579Z] Functions runtime initialized.
[debug] [2019-07-10T01:00:40.579Z] Disabled runtime features: {"functions_config_helper":true,"network_filtering":true,"timeout":true,"memory_limiting":true,"protect_env":true,"admin_stubs":true}
[debug] [2019-07-10T01:00:40.635Z] firebase-admin has been stubbed.
[warn] !  TypeError: _onRequestWithOpts is not a function
    at Object.httpsProvider._onRequestWithOpts (C:\Users\jeremy\AppData\Local\Yarn\Data\global\node_modules\firebase-tools\lib\emulator\functionsEmulatorRuntime.js:278:24)
    at Object.httpsProvider.onRequest (C:\Users\jeremy\AppData\Local\Yarn\Data\global\node_modules\firebase-tools\lib\emulator\functionsEmulatorRuntime.js:283:34)
    at Object.<anonymous> (C:\Dev\Personal_Projects\Tests\test-nextjs\api\index.js:128:31)
    at Module._compile (internal/modules/cjs/loader.js:774:30)
    at Object.Module._extensions..js (internal/modules/cjs/loader.js:785:10)
    at Module.load (internal/modules/cjs/loader.js:641:32)
    at Function.Module._load (internal/modules/cjs/loader.js:556:12)
    at Module.require (internal/modules/cjs/loader.js:681:19)
    at require (internal/modules/cjs/helpers.js:16:16)
    at C:\Users\jeremy\AppData\Local\Yarn\Data\global\node_modules\firebase-tools\lib\emulator\functionsEmulatorRuntime.js:582:33
    at Generator.next (<anonymous>)
    at fulfilled (C:\Users\jeremy\AppData\Local\Yarn\Data\global\node_modules\firebase-tools\lib\emulator\functionsEmulatorRuntime.js:4:58)
    at processTicksAndRejections (internal/process/task_queues.js:89:5)
[warn] !  We were unable to load your functions code. (see above)
[debug] [2019-07-10T01:08:16.449Z] ----------------------------------------------------------------------
[debug] [2019-07-10T01:08:16.452Z] Command:       C:\Dev\Programs\nodejs\node.exe C:\Users\jeremy\AppData\Local\Yarn\Data\global\node_modules\firebase-tools\lib\bin\firebase.js serve --only functions
[debug] [2019-07-10T01:08:16.452Z] CLI Version:   7.0.2
[debug] [2019-07-10T01:08:16.452Z] Platform:      win32
[debug] [2019-07-10T01:08:16.452Z] Node Version:  v12.4.0
[debug] [2019-07-10T01:08:16.453Z] Time:          Tue Jul 09 2019 18:08:16 GMT-0700 (Pacific Daylight Time)
[debug] [2019-07-10T01:08:16.453Z] ----------------------------------------------------------------------
[debug] 
[debug] [2019-07-10T01:08:16.460Z] > command requires scopes: ["email","openid","https://www.googleapis.com/auth/cloudplatformprojects.readonly","https://www.googleapis.com/auth/firebase","https://www.googleapis.com/auth/cloud-platform"]
[debug] [2019-07-10T01:08:16.461Z] > authorizing via signed-in user
[debug] [2019-07-10T01:08:16.461Z] [iam] checking project movies-series-guide for permissions ["firebase.projects.get"]
[debug] [2019-07-10T01:08:16.462Z] >>> HTTP REQUEST POST https://cloudresourcemanager.googleapis.com/v1/projects/movies-series-guide:testIamPermissions  

[debug] [2019-07-10T01:08:16.734Z] <<< HTTP RESPONSE 200
[debug] [2019-07-10T01:08:16.744Z] >>> HTTP REQUEST GET https://cloudresourcemanager.googleapis.com/v1/projects/movies-series-guide  
 
[debug] [2019-07-10T01:08:16.941Z] <<< HTTP RESPONSE 200
[warn] !  Your requested "node" version "<10" doesn't match your global version "12"
[debug] [2019-07-10T01:08:16.970Z] >>> HTTP REQUEST GET https://mobilesdk-pa.googleapis.com/v1/projects/100376056146:getServerAppConfig  
 
[debug] [2019-07-10T01:08:17.194Z] <<< HTTP RESPONSE 200
[info] +  functions: Emulator started at http://localhost:5000
[info] i  functions: Watching "C:\Dev\Personal_Projects\Tests\test-nextjs\api" for Cloud Functions...
[debug] [2019-07-10T01:08:17.692Z] Functions runtime initialized.
[debug] [2019-07-10T01:08:17.693Z] Disabled runtime features: {"functions_config_helper":true,"network_filtering":true,"timeout":true,"memory_limiting":true,"protect_env":true,"admin_stubs":true}
[debug] [2019-07-10T01:08:17.795Z] firebase-admin has been stubbed.
[warn] !  TypeError: _onRequestWithOpts is not a function
    at Object.httpsProvider._onRequestWithOpts (C:\Users\jeremy\AppData\Local\Yarn\Data\global\node_modules\firebase-tools\lib\emulator\functionsEmulatorRuntime.js:278:24)
    at Object.httpsProvider.onRequest (C:\Users\jeremy\AppData\Local\Yarn\Data\global\node_modules\firebase-tools\lib\emulator\functionsEmulatorRuntime.js:283:34)
    at Object.<anonymous> (C:\Dev\Personal_Projects\Tests\test-nextjs\api\index.js:128:31)
    at Module._compile (internal/modules/cjs/loader.js:774:30)
    at Object.Module._extensions..js (internal/modules/cjs/loader.js:785:10)
    at Module.load (internal/modules/cjs/loader.js:641:32)
    at Function.Module._load (internal/modules/cjs/loader.js:556:12)
    at Module.require (internal/modules/cjs/loader.js:681:19)
    at require (internal/modules/cjs/helpers.js:16:16)
    at C:\Users\jeremy\AppData\Local\Yarn\Data\global\node_modules\firebase-tools\lib\emulator\functionsEmulatorRuntime.js:582:33
    at Generator.next (<anonymous>)
    at fulfilled (C:\Users\jeremy\AppData\Local\Yarn\Data\global\node_modules\firebase-tools\lib\emulator\functionsEmulatorRuntime.js:4:58)
    at processTicksAndRejections (internal/process/task_queues.js:89:5)
[warn] !  We were unable to load your functions code. (see above)
[debug] [2019-07-10T01:09:04.628Z] File C:\Dev\Personal_Projects\Tests\test-nextjs\api\package.json changed, reloading triggers
[debug] [2019-07-10T01:09:11.993Z] ----------------------------------------------------------------------
[debug] [2019-07-10T01:09:11.995Z] Command:       C:\Dev\Programs\nodejs\node.exe C:\Users\jeremy\AppData\Local\Yarn\Data\global\node_modules\firebase-tools\lib\bin\firebase.js serve --only functions
[debug] [2019-07-10T01:09:11.995Z] CLI Version:   7.0.2
[debug] [2019-07-10T01:09:11.995Z] Platform:      win32
[debug] [2019-07-10T01:09:11.995Z] Node Version:  v12.4.0
[debug] [2019-07-10T01:09:11.996Z] Time:          Tue Jul 09 2019 18:09:11 GMT-0700 (Pacific Daylight Time)
[debug] [2019-07-10T01:09:11.996Z] ----------------------------------------------------------------------
[debug] 
[debug] [2019-07-10T01:09:12.004Z] > command requires scopes: ["email","openid","https://www.googleapis.com/auth/cloudplatformprojects.readonly","https://www.googleapis.com/auth/firebase","https://www.googleapis.com/auth/cloud-platform"]
[debug] [2019-07-10T01:09:12.005Z] > authorizing via signed-in user
[debug] [2019-07-10T01:09:12.005Z] [iam] checking project movies-series-guide for permissions ["firebase.projects.get"]
[debug] [2019-07-10T01:09:12.006Z] >>> HTTP REQUEST POST https://cloudresourcemanager.googleapis.com/v1/projects/movies-series-guide:testIamPermissions  

[debug] [2019-07-10T01:09:12.224Z] <<< HTTP RESPONSE 200
[debug] [2019-07-10T01:09:12.226Z] >>> HTTP REQUEST GET https://cloudresourcemanager.googleapis.com/v1/projects/movies-series-guide  
 
[debug] [2019-07-10T01:09:12.422Z] <<< HTTP RESPONSE 200
[info] +  functions: Using node@12 from host.
[debug] [2019-07-10T01:09:12.428Z] >>> HTTP REQUEST GET https://mobilesdk-pa.googleapis.com/v1/projects/100376056146:getServerAppConfig  
 
[debug] [2019-07-10T01:09:13.583Z] <<< HTTP RESPONSE 200
[info] +  functions: Emulator started at http://localhost:5000
[info] i  functions: Watching "C:\Dev\Personal_Projects\Tests\test-nextjs\api" for Cloud Functions...
[debug] [2019-07-10T01:09:13.934Z] Functions runtime initialized.
[debug] [2019-07-10T01:09:13.934Z] Disabled runtime features: {"functions_config_helper":true,"network_filtering":true,"timeout":true,"memory_limiting":true,"protect_env":true,"admin_stubs":true}
[debug] [2019-07-10T01:09:13.996Z] firebase-admin has been stubbed.
[warn] !  TypeError: _onRequestWithOpts is not a function
    at Object.httpsProvider._onRequestWithOpts (C:\Users\jeremy\AppData\Local\Yarn\Data\global\node_modules\firebase-tools\lib\emulator\functionsEmulatorRuntime.js:278:24)
    at Object.httpsProvider.onRequest (C:\Users\jeremy\AppData\Local\Yarn\Data\global\node_modules\firebase-tools\lib\emulator\functionsEmulatorRuntime.js:283:34)
    at Object.<anonymous> (C:\Dev\Personal_Projects\Tests\test-nextjs\api\index.js:128:31)
    at Module._compile (internal/modules/cjs/loader.js:774:30)
    at Object.Module._extensions..js (internal/modules/cjs/loader.js:785:10)
    at Module.load (internal/modules/cjs/loader.js:641:32)
    at Function.Module._load (internal/modules/cjs/loader.js:556:12)
    at Module.require (internal/modules/cjs/loader.js:681:19)
    at require (internal/modules/cjs/helpers.js:16:16)
    at C:\Users\jeremy\AppData\Local\Yarn\Data\global\node_modules\firebase-tools\lib\emulator\functionsEmulatorRuntime.js:582:33
    at Generator.next (<anonymous>)
    at fulfilled (C:\Users\jeremy\AppData\Local\Yarn\Data\global\node_modules\firebase-tools\lib\emulator\functionsEmulatorRuntime.js:4:58)
    at processTicksAndRejections (internal/process/task_queues.js:89:5)
[warn] !  We were unable to load your functions code. (see above)
[debug] [2019-07-10T01:10:53.459Z] ----------------------------------------------------------------------
[debug] [2019-07-10T01:10:53.462Z] Command:       C:\Dev\Programs\nodejs\node.exe C:\Users\jeremy\AppData\Local\Yarn\Data\global\node_modules\firebase-tools\lib\bin\firebase.js serve --only functions
[debug] [2019-07-10T01:10:53.462Z] CLI Version:   7.0.2
[debug] [2019-07-10T01:10:53.462Z] Platform:      win32
[debug] [2019-07-10T01:10:53.462Z] Node Version:  v12.4.0
[debug] [2019-07-10T01:10:53.463Z] Time:          Tue Jul 09 2019 18:10:53 GMT-0700 (Pacific Daylight Time)
[debug] [2019-07-10T01:10:53.463Z] ----------------------------------------------------------------------
[debug] 
[debug] [2019-07-10T01:10:53.470Z] > command requires scopes: ["email","openid","https://www.googleapis.com/auth/cloudplatformprojects.readonly","https://www.googleapis.com/auth/firebase","https://www.googleapis.com/auth/cloud-platform"]
[debug] [2019-07-10T01:10:53.470Z] > authorizing via signed-in user
[debug] [2019-07-10T01:10:53.470Z] [iam] checking project movies-series-guide for permissions ["firebase.projects.get"]
[debug] [2019-07-10T01:10:53.472Z] >>> HTTP REQUEST POST https://cloudresourcemanager.googleapis.com/v1/projects/movies-series-guide:testIamPermissions  

[debug] [2019-07-10T01:10:53.668Z] <<< HTTP RESPONSE 200
[debug] [2019-07-10T01:10:53.674Z] >>> HTTP REQUEST GET https://cloudresourcemanager.googleapis.com/v1/projects/movies-series-guide  
 
[debug] [2019-07-10T01:10:53.893Z] <<< HTTP RESPONSE 200
[info] +  functions: Using node@12 from host.
[debug] [2019-07-10T01:10:53.916Z] >>> HTTP REQUEST GET https://mobilesdk-pa.googleapis.com/v1/projects/100376056146:getServerAppConfig  
 
[debug] [2019-07-10T01:10:54.072Z] <<< HTTP RESPONSE 200
[info] +  functions: Emulator started at http://localhost:5000
[info] i  functions: Watching "C:\Dev\Personal_Projects\Tests\test-nextjs\api" for Cloud Functions...
[debug] [2019-07-10T01:10:54.435Z] Functions runtime initialized.
[debug] [2019-07-10T01:10:54.435Z] Disabled runtime features: {"functions_config_helper":true,"network_filtering":true,"timeout":true,"memory_limiting":true,"protect_env":true,"admin_stubs":true}
[debug] [2019-07-10T01:10:54.488Z] firebase-admin has been stubbed.
[info] i  functions: HTTP trigger initialized at http://localhost:5000/movies-series-guide/us-central1/api
[debug] [2019-07-10T01:11:30.071Z] Accepted request POST /movies-series-guide/us-central1/api/getLatestMovies --> api
[debug] [2019-07-10T01:11:30.417Z] Functions runtime initialized.
[info] i  functions: Beginning execution of "api"
[debug] [2019-07-10T01:11:30.419Z] Disabled runtime features: {"functions_config_helper":true,"network_filtering":true,"timeout":true,"memory_limiting":true,"protect_env":true,"admin_stubs":true}
[debug] [2019-07-10T01:11:30.477Z] firebase-admin has been stubbed.
[debug] [2019-07-10T01:11:31.134Z] Trigger "api" has been found, beginning invocation!
[debug] [2019-07-10T01:11:31.135Z] 
[debug] [2019-07-10T01:11:31.135Z] Running api in mode HTTPS
[info] i  Your code does not appear to initialize the 'firebase-admin' module, so we've done it automatically.
   - Learn more: https://firebase.google.com/docs/admin/setup
[debug] [2019-07-10T01:11:31.674Z] {"socketPath":"\\\\?\\pipe\\C:\\Dev\\Personal_Projects\\Tests\\test-nextjs\\api\\16784"}
[debug] [2019-07-10T01:11:31.675Z] [functions] Runtime ready! Sending request! {"socketPath":"\\\\?\\pipe\\C:\\Dev\\Personal_Projects\\Tests\\test-nextjs\\api\\16784"}
[debug] [2019-07-10T01:11:31.742Z] Ephemeral server used!
[debug] [2019-07-10T01:11:31.742Z] Body{"apiSecKey":"newhouse"}
[info] >  HERE!
[debug] [2019-07-10T01:11:31.749Z] Ephemeral server survived.
[info] i  functions: Finished "api" in ~1s
